<?xml version="1.0" encoding="UTF-8"?>
<!-- Generated by org.testng.reporters.JUnitReportReporter -->
<testsuite hostname="DESKTOP-61RJRA8" failures="0" tests="1" name="TestsClasses.BaseClass" time="0.003" errors="0" timestamp="2022-05-22T09:00:45 EDT" skipped="0">
  <testcase classname="TestsClasses.BaseClass" name="sampleTest" time="0.003"/>
  <system-out/>
</testsuite> <!-- TestsClasses.BaseClass -->
