<?xml version="1.0" encoding="UTF-8"?>
<!-- Generated by org.testng.reporters.JUnitReportReporter -->
<testsuite hostname="DESKTOP-61RJRA8" failures="0" tests="1" name="TestsClasses.LoginPage" time="6.004" errors="0" timestamp="2022-05-21T10:22:21 EDT" skipped="0">
  <testcase classname="TestsClasses.LoginPage" name="digiBoxTest" time="6.004"/>
  <system-out/>
</testsuite> <!-- TestsClasses.LoginPage -->
