<?xml version="1.0" encoding="UTF-8"?>
<!-- Generated by org.testng.reporters.JUnitReportReporter -->
<testsuite hostname="DESKTOP-61RJRA8" failures="0" tests="1" name="TestsClasses.FirstPageTest" time="5.015" errors="0" timestamp="2022-05-21T10:13:37 EDT" skipped="0">
  <testcase classname="TestsClasses.FirstPageTest" name="digiBoxTest" time="5.015"/>
  <system-out/>
</testsuite> <!-- TestsClasses.FirstPageTest -->
