<?xml version="1.0" encoding="UTF-8"?>
<!-- Generated by org.testng.reporters.JUnitReportReporter -->
<testsuite hostname="DESKTOP-61RJRA8" failures="0" tests="2" name="TestsClasses.UploadFileTest2" time="41.143" errors="0" timestamp="2022-05-24T15:44:46 EDT" skipped="0">
  <testcase classname="TestsClasses.UploadFileTest2" name="addVideoTest" time="41.138"/>
  <system-out/>
  <testcase classname="TestsClasses.UploadFileTest2" name="sampleTest" time="0.005"/>
  <system-out/>
</testsuite> <!-- TestsClasses.UploadFileTest2 -->
